<?xml version="1.0" encoding="UTF-8"?>
<!-- Generated by org.testng.reporters.JUnitReportReporter -->
<testsuite hostname="SIL-WIN-28" name="com.flipkart.testcases.GoogleToFlipkartTC" tests="13" failures="0" timestamp="9 Oct 2020 16:44:59 GMT" time="15.387" errors="0">
  <testcase name="setup" time="0.008" classname="com.flipkart.testcases.GoogleToFlipkartTC"/>
  <testcase name="verify_the_page_title_of_google_page" time="0.010" classname="com.flipkart.testcases.GoogleToFlipkartTC"/>
  <testcase name="verify_the_login_popup_if_showing_then_close_it" time="0.239" classname="com.flipkart.testcases.GoogleToFlipkartTC"/>
  <testcase name="verify_to_add_compared_products_in_cart" time="1.326" classname="com.flipkart.testcases.GoogleToFlipkartTC"/>
  <testcase name="verify_to_check_the_availability_of_product" time="0.467" classname="com.flipkart.testcases.GoogleToFlipkartTC"/>
  <testcase name="verify_click_on_the_compare_button" time="0.138" classname="com.flipkart.testcases.GoogleToFlipkartTC"/>
  <testcase name="verify_the_name_and_price_of_compare_product" time="0.798" classname="com.flipkart.testcases.GoogleToFlipkartTC"/>
  <testcase name="verify_the_search_results" time="0.934" classname="com.flipkart.testcases.GoogleToFlipkartTC"/>
  <testcase name="verify_enter_key_and_open_flipkart_website" time="6.271" classname="com.flipkart.testcases.GoogleToFlipkartTC"/>
  <testcase name="verify_open_of_flipkart_website" time="0.015" classname="com.flipkart.testcases.GoogleToFlipkartTC"/>
  <testcase name="verify_the_selection_of_add_to_compare_of_2nd_and_3rd_product" time="0.629" classname="com.flipkart.testcases.GoogleToFlipkartTC"/>
  <testcase name="click_on_TV_and_appliance_dropdown_and_navigate_to_windows_AC" time="4.252" classname="com.flipkart.testcases.GoogleToFlipkartTC"/>
  <testcase name="search_for_flipkart" time="0.300" classname="com.flipkart.testcases.GoogleToFlipkartTC"/>
</testsuite> <!-- com.flipkart.testcases.GoogleToFlipkartTC -->
